{"contracts/HelloWorldMarket.sol":{"l":{"73":26,"75":25,"76":25,"77":25,"85":25,"87":25,"101":6,"102":6,"104":6,"106":4,"107":4,"108":4,"110":4,"121":2,"122":2,"123":2,"125":2,"126":10,"127":1,"131":2,"133":2,"134":10,"135":1,"136":1,"137":1,"141":2,"150":2,"151":2,"152":2,"154":2,"156":2,"157":10,"158":9,"159":9,"160":9,"164":2,"175":9,"177":9},"path":"/Users/deyibanh/Documents/Professionnel/deyibanh/deyibanh-helloworld-nfts/contracts/HelloWorldMarket.sol","s":{"1":26,"2":25,"3":25,"4":25,"5":25,"6":25,"7":6,"8":6,"9":6,"10":4,"11":4,"12":4,"13":4,"14":2,"15":2,"16":2,"17":2,"18":10,"19":2,"20":2,"21":10,"22":1,"23":1,"24":2,"25":2,"26":2,"27":2,"28":2,"29":2,"30":10,"31":9,"32":9,"33":2,"34":9,"35":9},"b":{"1":[25,1],"2":[4,2],"3":[1,9],"4":[1,9],"5":[9,1]},"f":{"1":26,"2":6,"3":2,"4":2,"5":9},"fnMap":{"1":{"name":"addItem","line":71,"loc":{"start":{"line":67,"column":4},"end":{"line":95,"column":4}}},"2":{"name":"buyItem","line":100,"loc":{"start":{"line":100,"column":4},"end":{"line":113,"column":4}}},"3":{"name":"getSenderItems","line":120,"loc":{"start":{"line":120,"column":4},"end":{"line":142,"column":4}}},"4":{"name":"getUnsoldItems","line":149,"loc":{"start":{"line":149,"column":4},"end":{"line":165,"column":4}}},"5":{"name":"getItemById","line":174,"loc":{"start":{"line":174,"column":4},"end":{"line":178,"column":4}}}},"statementMap":{"1":{"start":{"line":73,"column":8},"end":{"line":73,"column":59}},"2":{"start":{"line":75,"column":8},"end":{"line":75,"column":32}},"3":{"start":{"line":76,"column":8},"end":{"line":76,"column":45}},"4":{"start":{"line":77,"column":8},"end":{"line":77,"column":1931}},"5":{"start":{"line":85,"column":8},"end":{"line":85,"column":91}},"6":{"start":{"line":87,"column":8},"end":{"line":87,"column":2234}},"7":{"start":{"line":101,"column":8},"end":{"line":101,"column":45}},"8":{"start":{"line":102,"column":8},"end":{"line":102,"column":49}},"9":{"start":{"line":104,"column":8},"end":{"line":104,"column":72}},"10":{"start":{"line":106,"column":8},"end":{"line":106,"column":34}},"11":{"start":{"line":107,"column":8},"end":{"line":107,"column":53}},"12":{"start":{"line":108,"column":8},"end":{"line":108,"column":52}},"13":{"start":{"line":110,"column":8},"end":{"line":110,"column":86}},"14":{"start":{"line":121,"column":8},"end":{"line":121,"column":48}},"15":{"start":{"line":122,"column":8},"end":{"line":122,"column":32}},"16":{"start":{"line":123,"column":8},"end":{"line":123,"column":33}},"17":{"start":{"line":125,"column":8},"end":{"line":125,"column":3362}},"18":{"start":{"line":126,"column":12},"end":{"line":126,"column":3417}},"19":{"start":{"line":131,"column":8},"end":{"line":131,"column":63}},"20":{"start":{"line":133,"column":8},"end":{"line":133,"column":3599}},"21":{"start":{"line":134,"column":12},"end":{"line":134,"column":3654}},"22":{"start":{"line":135,"column":16},"end":{"line":135,"column":58}},"23":{"start":{"line":136,"column":16},"end":{"line":136,"column":58}},"24":{"start":{"line":141,"column":8},"end":{"line":141,"column":26}},"25":{"start":{"line":150,"column":8},"end":{"line":150,"column":48}},"26":{"start":{"line":151,"column":8},"end":{"line":151,"column":68}},"27":{"start":{"line":152,"column":8},"end":{"line":152,"column":33}},"28":{"start":{"line":154,"column":8},"end":{"line":154,"column":63}},"29":{"start":{"line":156,"column":8},"end":{"line":156,"column":4304}},"30":{"start":{"line":157,"column":12},"end":{"line":157,"column":4359}},"31":{"start":{"line":158,"column":16},"end":{"line":158,"column":58}},"32":{"start":{"line":159,"column":16},"end":{"line":159,"column":58}},"33":{"start":{"line":164,"column":8},"end":{"line":164,"column":26}},"34":{"start":{"line":175,"column":8},"end":{"line":175,"column":45}},"35":{"start":{"line":177,"column":8},"end":{"line":177,"column":19}}},"branchMap":{"1":{"line":73,"type":"if","locations":[{"start":{"line":73,"column":8},"end":{"line":73,"column":8}},{"start":{"line":73,"column":8},"end":{"line":73,"column":8}}]},"2":{"line":104,"type":"if","locations":[{"start":{"line":104,"column":8},"end":{"line":104,"column":8}},{"start":{"line":104,"column":8},"end":{"line":104,"column":8}}]},"3":{"line":126,"type":"if","locations":[{"start":{"line":126,"column":12},"end":{"line":126,"column":12}},{"start":{"line":126,"column":12},"end":{"line":126,"column":12}}]},"4":{"line":134,"type":"if","locations":[{"start":{"line":134,"column":12},"end":{"line":134,"column":12}},{"start":{"line":134,"column":12},"end":{"line":134,"column":12}}]},"5":{"line":157,"type":"if","locations":[{"start":{"line":157,"column":12},"end":{"line":157,"column":12}},{"start":{"line":157,"column":12},"end":{"line":157,"column":12}}]}}},"contracts/HelloWorldToken.sol":{"l":{"53":63,"54":63,"63":1,"72":2,"81":2,"83":1,"92":4,"101":2,"108":11,"109":11,"117":11,"118":10,"121":9,"122":45,"123":45,"125":45,"126":45,"128":45,"131":9,"143":0,"155":10,"162":5,"172":74,"179":0},"path":"/Users/deyibanh/Documents/Professionnel/deyibanh/deyibanh-helloworld-nfts/contracts/HelloWorldToken.sol","s":{"1":63,"2":63,"3":1,"4":2,"5":2,"6":1,"7":4,"8":2,"9":11,"10":11,"11":11,"12":10,"13":9,"14":45,"15":45,"16":45,"17":45,"18":9,"19":0,"20":10,"21":5,"22":74,"23":0},"b":{"1":[1,1],"2":[10,1],"3":[9,1]},"f":{"1":63,"2":1,"3":2,"4":2,"5":4,"6":2,"7":11,"8":0,"9":10,"10":5,"11":74,"12":0},"fnMap":{"1":{"name":"constructor","line":52,"loc":{"start":{"line":52,"column":4},"end":{"line":55,"column":4}}},"2":{"name":"setMaxSupply","line":62,"loc":{"start":{"line":62,"column":4},"end":{"line":64,"column":4}}},"3":{"name":"setPaused","line":71,"loc":{"start":{"line":71,"column":4},"end":{"line":73,"column":4}}},"4":{"name":"setMarketContractAddress","line":80,"loc":{"start":{"line":80,"column":4},"end":{"line":84,"column":4}}},"5":{"name":"getBaseURI","line":91,"loc":{"start":{"line":91,"column":4},"end":{"line":93,"column":4}}},"6":{"name":"setBaseURI","line":100,"loc":{"start":{"line":100,"column":4},"end":{"line":102,"column":4}}},"7":{"name":"mintCollection","line":107,"loc":{"start":{"line":107,"column":4},"end":{"line":132,"column":4}}},"8":{"name":"supportsInterface","line":137,"loc":{"start":{"line":137,"column":4},"end":{"line":144,"column":4}}},"9":{"name":"tokenURI","line":149,"loc":{"start":{"line":149,"column":4},"end":{"line":156,"column":4}}},"10":{"name":"_baseURI","line":161,"loc":{"start":{"line":161,"column":4},"end":{"line":163,"column":4}}},"11":{"name":"_beforeTokenTransfer","line":168,"loc":{"start":{"line":168,"column":4},"end":{"line":173,"column":4}}},"12":{"name":"_burn","line":178,"loc":{"start":{"line":178,"column":4},"end":{"line":180,"column":4}}}},"statementMap":{"1":{"start":{"line":53,"column":8},"end":{"line":53,"column":28}},"2":{"start":{"line":54,"column":8},"end":{"line":54,"column":53}},"3":{"start":{"line":63,"column":8},"end":{"line":63,"column":29}},"4":{"start":{"line":72,"column":8},"end":{"line":72,"column":23}},"5":{"start":{"line":81,"column":8},"end":{"line":81,"column":74}},"6":{"start":{"line":83,"column":8},"end":{"line":83,"column":53}},"7":{"start":{"line":92,"column":8},"end":{"line":92,"column":22}},"8":{"start":{"line":101,"column":8},"end":{"line":101,"column":28}},"9":{"start":{"line":108,"column":8},"end":{"line":108,"column":40}},"10":{"start":{"line":109,"column":8},"end":{"line":109,"column":2735}},"11":{"start":{"line":117,"column":8},"end":{"line":117,"column":45}},"12":{"start":{"line":118,"column":8},"end":{"line":118,"column":52}},"13":{"start":{"line":121,"column":8},"end":{"line":121,"column":3166}},"14":{"start":{"line":123,"column":12},"end":{"line":123,"column":41}},"15":{"start":{"line":125,"column":12},"end":{"line":125,"column":50}},"16":{"start":{"line":126,"column":12},"end":{"line":126,"column":63}},"17":{"start":{"line":128,"column":12},"end":{"line":128,"column":74}},"18":{"start":{"line":131,"column":8},"end":{"line":131,"column":59}},"19":{"start":{"line":143,"column":8},"end":{"line":143,"column":51}},"20":{"start":{"line":155,"column":8},"end":{"line":155,"column":38}},"21":{"start":{"line":162,"column":8},"end":{"line":162,"column":22}},"22":{"start":{"line":172,"column":8},"end":{"line":172,"column":52}},"23":{"start":{"line":179,"column":8},"end":{"line":179,"column":27}}},"branchMap":{"1":{"line":81,"type":"if","locations":[{"start":{"line":81,"column":8},"end":{"line":81,"column":8}},{"start":{"line":81,"column":8},"end":{"line":81,"column":8}}]},"2":{"line":117,"type":"if","locations":[{"start":{"line":117,"column":8},"end":{"line":117,"column":8}},{"start":{"line":117,"column":8},"end":{"line":117,"column":8}}]},"3":{"line":118,"type":"if","locations":[{"start":{"line":118,"column":8},"end":{"line":118,"column":8}},{"start":{"line":118,"column":8},"end":{"line":118,"column":8}}]}}}}